<?xml version="1.0" encoding="UTF-8"?>
<!-- Generated by org.testng.reporters.JUnitReportReporter -->
<testsuite hostname="CHNMCT369326L" failures="0" tests="6" name="DevQAImplementations.GetCalls" time="17.293" errors="0" timestamp="2021-09-14T17:23:49 IST" skipped="1">
  <testcase classname="DevQAImplementations.GetCalls" name="test_002_emp_greater_3lakhs" time="1.167"/>
  <system-out/>
  <testcase classname="DevQAImplementations.GetCalls" name="test_002_emp_greater_2lakhs" time="1.543"/>
  <system-out/>
  <testcase classname="DevQAImplementations.GetCalls" name="test_001_emp_greater_4lakhs" time="8.459"/>
  <system-out/>
  <testcase classname="DevQAImplementations.GetCalls" name="test_validation" time="6.100"/>
  <system-out/>
  <testcase classname="DevQAImplementations.GetCalls" name="test2" time="0.024"/>
  <system-out/>
  <testcase classname="DevQAImplementations.GetCalls" name="failed_validation">
    <skipped/>
  </testcase> <!-- failed_validation -->
  <system-out/>
</testsuite> <!-- DevQAImplementations.GetCalls -->
